<?xml version="1.0" encoding="UTF-8"?>
<!-- Generated by org.testng.reporters.JUnitReportReporter -->
<testsuite hostname="cmk-saurabh-asalkar" failures="0" tests="1" name="pkgTestScripts.CSAPolicyTest" time="1.079" errors="0" timestamp="2022-10-11T11:31:29 IST" skipped="0">
  <testcase classname="pkgTestScripts.CSAPolicyTest" name="addNewPolicyProposal" time="1.079"/>
  <system-out/>
</testsuite> <!-- pkgTestScripts.CSAPolicyTest -->
