<<<<<<< HEAD
<?xml version="1.0" encoding="UTF-8"?>
<!-- Generated by org.testng.reporters.JUnitReportReporter -->
<testsuite hostname="DESKTOP-HFGNFE8" failures="0" tests="1" name="pkgTestScripts.SCRPolicyTest" time="1.068" errors="0" timestamp="2021-10-28T20:35:25 IST" skipped="0">
  <testcase classname="pkgTestScripts.SCRPolicyTest" name="addNewPolicyProposal" time="1.068"/>
  <system-out/>
</testsuite> <!-- pkgTestScripts.SCRPolicyTest -->
=======
<?xml version="1.0" encoding="UTF-8"?>
<!-- Generated by org.testng.reporters.JUnitReportReporter -->
<testsuite hostname="DESKTOP-8F4QOQS" failures="0" tests="1" name="pkgTestScripts.SCRPolicyTest" time="8.866" errors="0" timestamp="2021-10-28T19:18:54 IST" skipped="0">
  <testcase classname="pkgTestScripts.SCRPolicyTest" name="addNewPolicyProposal" time="8.866"/>
  <system-out/>
</testsuite> <!-- pkgTestScripts.SCRPolicyTest -->
>>>>>>> branch 'master' of http://10.212.0.139/testgroup/poluw-issue_endorse.git
