<?xml version="1.0" encoding="UTF-8"?>
<!-- Generated by org.testng.reporters.JUnitReportReporter -->
<testsuite hostname="DESKTOP-8F4QOQS" failures="0" tests="1" name="pkgTestScripts.SSPPolicyTest" time="35.644" errors="0" timestamp="2021-10-28T18:54:53 IST" skipped="0">
  <testcase classname="pkgTestScripts.SSPPolicyTest" name="addBWPPolicy" time="35.644"/>
  <system-out/>
</testsuite> <!-- pkgTestScripts.SSPPolicyTest -->
