<?xml version="1.0" encoding="UTF-8"?>
<!-- Generated by org.testng.reporters.JUnitReportReporter -->
<testsuite hostname="DESKTOP-8F4QOQS" failures="0" tests="1" name="pkgTestScripts.SBEPolicyTest" time="37.880" errors="0" timestamp="2021-10-28T18:57:54 IST" skipped="0">
  <testcase classname="pkgTestScripts.SBEPolicyTest" name="addBWPPolicy" time="37.880"/>
  <system-out/>
</testsuite> <!-- pkgTestScripts.SBEPolicyTest -->
