<?xml version="1.0" encoding="UTF-8"?>
<!-- Generated by org.testng.reporters.JUnitReportReporter -->
<testsuite hostname="DESKTOP-8F4QOQS" failures="0" tests="2" name="pkgTestScripts.PolUW_BWPPolicyTest" time="59.416" errors="0" timestamp="2021-10-22T15:05:27 IST" skipped="0">
  <testcase classname="pkgTestScripts.PolUW_BWPPolicyTest" name="addBWPPolicy" time="21.062"/>
  <system-out/>
  <testcase classname="pkgTestScripts.PolUW_BWPPolicyTest" name="fillBWPPolicy" time="38.354"/>
  <system-out/>
</testsuite> <!-- pkgTestScripts.PolUW_BWPPolicyTest -->
