<?xml version="1.0" encoding="UTF-8"?>
<!-- Generated by org.testng.reporters.JUnitReportReporter -->
<testsuite hostname="DESKTOP-6O75AJE" failures="0" tests="1" name="pkgTestScripts.PolicyEndorsementTest" time="5.269" errors="0" timestamp="2024-03-05T14:17:27 IST" skipped="0">
  <testcase classname="pkgTestScripts.PolicyEndorsementTest" name="addBWPPolicy" time="5.269"/>
</testsuite> <!-- pkgTestScripts.PolicyEndorsementTest -->
